--------------------------------------------------------------------------------
Release 14.7 Trace  (nt64)
Copyright (c) 1995-2013 Xilinx, Inc.  All rights reserved.

C:\Xilinx\14.7\ISE_DS\ISE\bin\nt64\unwrapped\trce.exe -intstyle ise -v 3 -s 3
-n 3 -fastpaths -xml runled_preroute.twx runled_map.ncd -o runled_preroute.twr
runled.pcf -ucf runled.ucf

Design file:              runled_map.ncd
Physical constraint file: runled.pcf
Device,package,speed:     xc6slx9,tqg144,C,-3 (PRODUCTION 1.23 2013-10-13)
Report level:             verbose report

Environment Variable      Effect 
--------------------      ------ 
NONE                      No environment variables were set
--------------------------------------------------------------------------------

INFO:Timing:2698 - No timing constraints found, doing default enumeration.
INFO:Timing:3412 - To improve timing, see the Timing Closure User Guide (UG612).
INFO:Timing:2752 - To get complete path coverage, use the unconstrained paths 
   option. All paths that are not constrained will be reported in the 
   unconstrained paths section(s) of the report.
INFO:Timing:3284 - This timing report was generated using estimated delay 
   information.  For accurate numbers, please refer to the post Place and Route 
   timing report.
INFO:Timing:3339 - The clock-to-out numbers in this timing report are based on 
   a 50 Ohm transmission line loading model.  For the details of this model, 
   and for more information on accounting for different loading conditions, 
   please see the device datasheet.



Data Sheet report:
-----------------
All values displayed in nanoseconds (ns)

Setup/Hold to clock clk
------------+------------+------------+------------+------------+------------------+--------+
            |Max Setup to|  Process   |Max Hold to |  Process   |                  | Clock  |
Source      | clk (edge) |   Corner   | clk (edge) |   Corner   |Internal Clock(s) | Phase  |
------------+------------+------------+------------+------------+------------------+--------+
nreset      |    2.586(R)|      SLOW  |   -0.211(R)|      SLOW  |clk_BUFGP         |   0.000|
------------+------------+------------+------------+------------+------------------+--------+

Clock clk to Pad
------------+-----------------+------------+-----------------+------------+------------------+--------+
            |Max (slowest) clk|  Process   |Min (fastest) clk|  Process   |                  | Clock  |
Destination |  (edge) to PAD  |   Corner   |  (edge) to PAD  |   Corner   |Internal Clock(s) | Phase  |
------------+-----------------+------------+-----------------+------------+------------------+--------+
leds<0>     |         8.075(R)|      SLOW  |         6.200(R)|      FAST  |clk_BUFGP         |   0.000|
leds<1>     |         8.125(R)|      SLOW  |         6.250(R)|      FAST  |clk_BUFGP         |   0.000|
leds<2>     |         7.728(R)|      SLOW  |         5.853(R)|      FAST  |clk_BUFGP         |   0.000|
leds<3>     |         7.720(R)|      SLOW  |         5.845(R)|      FAST  |clk_BUFGP         |   0.000|
leds<4>     |         7.506(R)|      SLOW  |         5.631(R)|      FAST  |clk_BUFGP         |   0.000|
leds<5>     |         7.666(R)|      SLOW  |         5.791(R)|      FAST  |clk_BUFGP         |   0.000|
leds<6>     |         7.697(R)|      SLOW  |         5.822(R)|      FAST  |clk_BUFGP         |   0.000|
leds<7>     |         7.506(R)|      SLOW  |         5.631(R)|      FAST  |clk_BUFGP         |   0.000|
------------+-----------------+------------+-----------------+------------+------------------+--------+

Clock to Setup on destination clock clk
---------------+---------+---------+---------+---------+
               | Src:Rise| Src:Fall| Src:Rise| Src:Fall|
Source Clock   |Dest:Rise|Dest:Rise|Dest:Fall|Dest:Fall|
---------------+---------+---------+---------+---------+
clk            |    5.087|         |         |         |
---------------+---------+---------+---------+---------+


Analysis completed Wed Feb 08 17:01:39 2017 
--------------------------------------------------------------------------------

Trace Settings:
-------------------------
Trace Settings 

Peak Memory Usage: 213 MB



