--------------------------------------------------------------------------------
Release 14.7 Trace  (nt64)
Copyright (c) 1995-2013 Xilinx, Inc.  All rights reserved.

C:\Xilinx\14.7\ISE_DS\ISE\bin\nt64\unwrapped\trce.exe
C:\Proj\runled\smartxplorer_results\run1\runled.ncd
C:\Proj\runled\smartxplorer_results\run1\runled.pcf -xml
C:\Proj\runled\smartxplorer_results\run1\runled.twx -v 3 -s 3 -n 3 -fastpaths
-ucf runled.ucf -o C:\Proj\runled\smartxplorer_results\run1\runled.twr

Design file:              runled.ncd
Physical constraint file: runled.pcf
Device,package,speed:     xc6slx9,tqg144,C,-3 (PRODUCTION 1.23 2013-10-13)
Report level:             verbose report

Environment Variable      Effect 
--------------------      ------ 
NONE                      No environment variables were set
--------------------------------------------------------------------------------

INFO:Timing:2698 - No timing constraints found, doing default enumeration.
INFO:Timing:3412 - To improve timing, see the Timing Closure User Guide (UG612).
INFO:Timing:2752 - To get complete path coverage, use the unconstrained paths 
   option. All paths that are not constrained will be reported in the 
   unconstrained paths section(s) of the report.
INFO:Timing:3339 - The clock-to-out numbers in this timing report are based on 
   a 50 Ohm transmission line loading model.  For the details of this model, 
   and for more information on accounting for different loading conditions, 
   please see the device datasheet.



Data Sheet report:
-----------------
All values displayed in nanoseconds (ns)

Setup/Hold to clock clk
------------+------------+------------+------------+------------+------------------+--------+
            |Max Setup to|  Process   |Max Hold to |  Process   |                  | Clock  |
Source      | clk (edge) |   Corner   | clk (edge) |   Corner   |Internal Clock(s) | Phase  |
------------+------------+------------+------------+------------+------------------+--------+
nreset      |    4.429(R)|      SLOW  |   -0.481(R)|      SLOW  |clk_BUFGP         |   0.000|
------------+------------+------------+------------+------------+------------------+--------+

Clock clk to Pad
------------+-----------------+------------+-----------------+------------+------------------+--------+
            |Max (slowest) clk|  Process   |Min (fastest) clk|  Process   |                  | Clock  |
Destination |  (edge) to PAD  |   Corner   |  (edge) to PAD  |   Corner   |Internal Clock(s) | Phase  |
------------+-----------------+------------+-----------------+------------+------------------+--------+
leds<0>     |         8.411(R)|      SLOW  |         4.703(R)|      FAST  |clk_BUFGP         |   0.000|
leds<1>     |         8.657(R)|      SLOW  |         4.862(R)|      FAST  |clk_BUFGP         |   0.000|
leds<2>     |         7.757(R)|      SLOW  |         4.292(R)|      FAST  |clk_BUFGP         |   0.000|
leds<3>     |         7.739(R)|      SLOW  |         4.308(R)|      FAST  |clk_BUFGP         |   0.000|
leds<4>     |         7.441(R)|      SLOW  |         4.104(R)|      FAST  |clk_BUFGP         |   0.000|
leds<5>     |         8.198(R)|      SLOW  |         4.545(R)|      FAST  |clk_BUFGP         |   0.000|
leds<6>     |         7.630(R)|      SLOW  |         4.258(R)|      FAST  |clk_BUFGP         |   0.000|
leds<7>     |         7.465(R)|      SLOW  |         4.131(R)|      FAST  |clk_BUFGP         |   0.000|
------------+-----------------+------------+-----------------+------------+------------------+--------+

Clock to Setup on destination clock clk
---------------+---------+---------+---------+---------+
               | Src:Rise| Src:Fall| Src:Rise| Src:Fall|
Source Clock   |Dest:Rise|Dest:Rise|Dest:Fall|Dest:Fall|
---------------+---------+---------+---------+---------+
clk            |    4.961|         |         |         |
---------------+---------+---------+---------+---------+


Analysis completed Wed Feb 08 17:04:09 2017 
--------------------------------------------------------------------------------

Trace Settings:
-------------------------
Trace Settings 

Peak Memory Usage: 213 MB



