#-----------------------------------------------------------
# PlanAhead v14.7 (64-bit)
# Build 321239 by xbuild on Fri Sep 27 19:29:51 MDT 2013
# Start of session at: Thu Feb 16 18:54:00 2017
# Process ID: 6472
# Log file: C:/Proj/runled/planAhead_run_2/planAhead.log
# Journal file: C:/Proj/runled/planAhead_run_2/planAhead.jou
#-----------------------------------------------------------
INFO: [Common 17-78] Attempting to get a license: PlanAhead
INFO: [Common 17-290] Got license for PlanAhead
INFO: [Device 21-36] Loading parts and site information from C:/Xilinx/14.7/ISE_DS/PlanAhead/data/parts/arch.xml
Parsing RTL primitives file [C:/Xilinx/14.7/ISE_DS/PlanAhead/data/parts/xilinx/rtl/prims/rtl_prims.xml]
Finished parsing RTL primitives file [C:/Xilinx/14.7/ISE_DS/PlanAhead/data/parts/xilinx/rtl/prims/rtl_prims.xml]
start_gui
source C:/Proj/runled/pa.fromNetlist.tcl
# create_project -name runled -dir "C:/Proj/runled/planAhead_run_2" -part xc6slx9tqg144-2
ERROR: [Common 17-53] User Exception: Project already exists on disk, please use '-force' option to overwrite: 
     C:/Proj/runled/planAhead_run_2/runled.ppr
     C:/Proj/runled/planAhead_run_2/runled.data

    while executing
"create_project -name runled -dir "C:/Proj/runled/planAhead_run_2" -part xc6slx9tqg144-2"
    (file "C:/Proj/runled/pa.fromNetlist.tcl" line 4)
